<?xml version="1.0" encoding="UTF-8"?>
<!-- Generated by org.testng.reporters.JUnitReportReporter -->
<testsuite hostname="Ankush" failures="0" tests="10" name="com.SauceDemoTest.SauceDemoTestCases" time="45.090" errors="0" timestamp="2023-06-19T00:09:41 IST" skipped="0">
  <testcase classname="com.SauceDemoTest.SauceDemoTestCases" name="LoginWithInValidCridential" time="6.275"/>
  <system-out>
    <![CDATA[Enter Invalid Username
Enter Invalid Password
Click on Login Button
Get Error Msg
User not login with Invalid credentials]]>
  </system-out>
  <testcase classname="com.SauceDemoTest.SauceDemoTestCases" name="LoginWithValidCridential" time="5.830"/>
  <system-out>
    <![CDATA[Enter Valid Username
Enter Valid Password
Click on Login Button
User login with valid credentials
Check Page Title : Test Case Pass]]>
  </system-out>
  <testcase classname="com.SauceDemoTest.SauceDemoTestCases" name="VerifyFiltersDropDown" time="2.640"/>
  <system-out>
    <![CDATA[Items filter by Name z-a
Items filter by Price Low to High]]>
  </system-out>
  <testcase classname="com.SauceDemoTest.SauceDemoTestCases" name="VerifyAddToCartTest" time="2.274"/>
  <system-out>
    <![CDATA[Click on Add To Cart Btn
Items Added to cart
Check Item Details]]>
  </system-out>
  <testcase classname="com.SauceDemoTest.SauceDemoTestCases" name="VerifyShoppingCartWithEmptyItem" time="9.703"/>
  <system-out>
    <![CDATA[Click on shopping cart link
Click on Remove Btn
Click on Checkout Btn
Enter Fname,LName,ZipCode
Click on Continue Btn
Check total price for Empty card
Click on Finish Btn
Click Back To Home Btn]]>
  </system-out>
  <testcase classname="com.SauceDemoTest.SauceDemoTestCases" name="VerifyShoppingCartWithItem" time="7.403"/>
  <system-out>
    <![CDATA[Filter Dropdown list by Name Z-A
Filter Dropdown list by price Low to High
Click on AddToCard Btn
Click on shopping cart link
Click on Checkout Btn]]>
  </system-out>
  <testcase classname="com.SauceDemoTest.SauceDemoTestCases" name="VerifyCheckoutInfoWithInValidData" time="1.316"/>
  <system-out>
    <![CDATA[Enter firstname
Enter lastname
Blank Zip code
Error Msg. : Postal Code is required]]>
  </system-out>
  <testcase classname="com.SauceDemoTest.SauceDemoTestCases" name="VerifyCheckoutInfoWithValidData" time="3.826"/>
  <system-out>
    <![CDATA[Enter firstname
Enter lastname
Enter ZipCode
Click on Continue Btn
Click on Finish Btn
Click on Back Home Btn]]>
  </system-out>
  <testcase classname="com.SauceDemoTest.SauceDemoTestCases" name="LogoutTest" time="2.509"/>
  <system-out>
    <![CDATA[Click on MenuBar
Click on logout btn
User logout]]>
  </system-out>
  <testcase classname="com.SauceDemoTest.SauceDemoTestCases" name="LoginWithEmptyCridential" time="3.314"/>
  <system-out>
    <![CDATA[Blank field Username
Blank field Password
Click on Login Btn
Error Msg. Displayed
User not login with Empty credentials]]>
  </system-out>
</testsuite> <!-- com.SauceDemoTest.SauceDemoTestCases -->
